c:\users\milos\documents\visual studio 2013\projects\pomeranje prevoda\5 domaci\5 domaci\release\vc120.pdb
c:\users\milos\documents\visual studio 2013\projects\pomeranje prevoda\5 domaci\5 domaci\release\dz5_save.obj
c:\users\milos\documents\visual studio 2013\projects\pomeranje prevoda\5 domaci\5 domaci\release\dz5_process.obj
c:\users\milos\documents\visual studio 2013\projects\pomeranje prevoda\5 domaci\5 domaci\release\dz5_load.obj
c:\users\milos\documents\visual studio 2013\projects\pomeranje prevoda\5 domaci\5 domaci\release\dz5_init.obj
c:\users\milos\documents\visual studio 2013\projects\pomeranje prevoda\5 domaci\5 domaci\release\dz5.obj
e:\miloseve stvari\projects\pomeranje prevoda\5 domaci\5 domaci\release\vc120.pdb
e:\miloseve stvari\projects\pomeranje prevoda\5 domaci\5 domaci\release\dz5_save.obj
e:\miloseve stvari\projects\pomeranje prevoda\5 domaci\5 domaci\release\dz5_process.obj
e:\miloseve stvari\projects\pomeranje prevoda\5 domaci\5 domaci\release\dz5_load.obj
e:\miloseve stvari\projects\pomeranje prevoda\5 domaci\5 domaci\release\dz5_init.obj
e:\miloseve stvari\projects\pomeranje prevoda\5 domaci\5 domaci\release\dz5.obj
e:\miloseve stvari\projects\pomeranje prevoda\5 domaci\release\5 domaci.exe
e:\miloseve stvari\projects\pomeranje prevoda\5 domaci\release\5 domaci.pdb
c:\users\milos\documents\visual studio 2013\projects\pomeranje prevoda\5 domaci\release\5 domaci.exe
c:\users\milos\documents\visual studio 2013\projects\pomeranje prevoda\5 domaci\release\5 domaci.pdb
c:\users\milos\documents\visual studio 2013\projects\pomeranje prevoda\5 domaci\5 domaci\release\5 domaci.tlog\cl.command.1.tlog
c:\users\milos\documents\visual studio 2013\projects\pomeranje prevoda\5 domaci\5 domaci\release\5 domaci.tlog\cl.read.1.tlog
c:\users\milos\documents\visual studio 2013\projects\pomeranje prevoda\5 domaci\5 domaci\release\5 domaci.tlog\cl.write.1.tlog
c:\users\milos\documents\visual studio 2013\projects\pomeranje prevoda\5 domaci\5 domaci\release\5 domaci.tlog\link.command.1.tlog
c:\users\milos\documents\visual studio 2013\projects\pomeranje prevoda\5 domaci\5 domaci\release\5 domaci.tlog\link.read.1.tlog
c:\users\milos\documents\visual studio 2013\projects\pomeranje prevoda\5 domaci\5 domaci\release\5 domaci.tlog\link.write.1.tlog
