Build started 14.6.2015 12:43:57.
     1>Project "C:\Users\Milos\Documents\Visual Studio 2013\Projects\Pomeranje prevoda\5 domaci\5 domaci\5 domaci.vcxproj" on node 2 (Build target(s)).
     1>ClCompile:
         C:\Program Files (x86)\Microsoft Visual Studio 12.0\VC\bin\CL.exe /c /Zi /nologo /W3 /WX- /O2 /Oi /Oy- /GL /D WIN32 /D NDEBUG /D _CONSOLE /D _LIB /D _UNICODE /D UNICODE /Gm- /EHsc /MD /GS /Gy /fp:precise /Zc:wchar_t /Zc:forScope /Fo"Release\\" /Fd"Release\vc120.pdb" /Gd /TC /analyze- /errorReport:prompt dz5_save.c
         dz5_save.c
     1>dz5_save.c(20): warning C4244: '=' : conversion from 'double' to 'int', possible loss of data
     1>dz5_save.c(21): warning C4244: '=' : conversion from 'double' to 'int', possible loss of data
     1>dz5_save.c(22): warning C4244: '=' : conversion from 'double' to 'int', possible loss of data
     1>dz5_save.c(23): warning C4244: '=' : conversion from 'double' to 'int', possible loss of data
       Link:
         C:\Program Files (x86)\Microsoft Visual Studio 12.0\VC\bin\link.exe /ERRORREPORT:PROMPT /OUT:"C:\Users\Milos\Documents\Visual Studio 2013\Projects\Pomeranje prevoda\5 domaci\Release\5 domaci.exe" /INCREMENTAL:NO /NOLOGO kernel32.lib user32.lib gdi32.lib winspool.lib comdlg32.lib advapi32.lib shell32.lib ole32.lib oleaut32.lib uuid.lib odbc32.lib odbccp32.lib /MANIFEST /MANIFESTUAC:"level='asInvoker' uiAccess='false'" /manifest:embed /DEBUG /PDB:"C:\Users\Milos\Documents\Visual Studio 2013\Projects\Pomeranje prevoda\5 domaci\Release\5 domaci.pdb" /SUBSYSTEM:CONSOLE /OPT:REF /OPT:ICF /LTCG /TLBID:1 /DYNAMICBASE /NXCOMPAT /IMPLIB:"C:\Users\Milos\Documents\Visual Studio 2013\Projects\Pomeranje prevoda\5 domaci\Release\5 domaci.lib" /MACHINE:X86 /SAFESEH Release\dz5.obj
         Release\dz5_init.obj
         Release\dz5_load.obj
         Release\dz5_process.obj
         Release\dz5_save.obj
         Generating code
         Finished generating code
         5 domaci.vcxproj -> C:\Users\Milos\Documents\Visual Studio 2013\Projects\Pomeranje prevoda\5 domaci\Release\5 domaci.exe
     1>Done Building Project "C:\Users\Milos\Documents\Visual Studio 2013\Projects\Pomeranje prevoda\5 domaci\5 domaci\5 domaci.vcxproj" (Build target(s)).

Build succeeded.

Time Elapsed 00:00:00.98
