Build started 19.8.2015 12:16:45.
     1>Project "C:\Users\Milos\Documents\GitHub\Subtite-Editor\Subtitle Editor\Pomeranje prevoda\5 domaci\5 domaci\5 domaci.vcxproj" on node 2 (Build target(s)).
     1>ClCompile:
         C:\Program Files (x86)\Microsoft Visual Studio 12.0\VC\bin\CL.exe /c /ZI /nologo /W3 /WX- /Od /Oy- /D WIN32 /D _DEBUG /D _CONSOLE /D _LIB /D PAL /D _UNICODE /D UNICODE /Gm /EHsc /RTC1 /MDd /GS /fp:precise /Zc:wchar_t /Zc:forScope /Fo"Debug\\" /Fd"Debug\vc120.pdb" /Gd /TC /analyze- /errorReport:prompt dz5.c dz5_load.c dz5_process.c dz5_save.c
         dz5_save.c
     1>c:\users\milos\documents\github\subtite-editor\subtitle editor\pomeranje prevoda\5 domaci\5 domaci\dz5_save.c(22): warning C4244: '=' : conversion from 'double' to 'int', possible loss of data
     1>c:\users\milos\documents\github\subtite-editor\subtitle editor\pomeranje prevoda\5 domaci\5 domaci\dz5_save.c(23): warning C4244: '=' : conversion from 'double' to 'int', possible loss of data
     1>c:\users\milos\documents\github\subtite-editor\subtitle editor\pomeranje prevoda\5 domaci\5 domaci\dz5_save.c(24): warning C4244: '=' : conversion from 'double' to 'int', possible loss of data
     1>c:\users\milos\documents\github\subtite-editor\subtitle editor\pomeranje prevoda\5 domaci\5 domaci\dz5_save.c(25): warning C4244: '=' : conversion from 'double' to 'int', possible loss of data
     1>c:\users\milos\documents\github\subtite-editor\subtitle editor\pomeranje prevoda\5 domaci\5 domaci\dz5_save.c(29): warning C4996: 'sprintf': This function or variable may be unsafe. Consider using sprintf_s instead. To disable deprecation, use _CRT_SECURE_NO_WARNINGS. See online help for details.
                 c:\program files (x86)\microsoft visual studio 12.0\vc\include\stdio.h(356) : see declaration of 'sprintf'
     1>c:\users\milos\documents\github\subtite-editor\subtitle editor\pomeranje prevoda\5 domaci\5 domaci\dz5_save.c(30): warning C4996: 'sprintf': This function or variable may be unsafe. Consider using sprintf_s instead. To disable deprecation, use _CRT_SECURE_NO_WARNINGS. See online help for details.
                 c:\program files (x86)\microsoft visual studio 12.0\vc\include\stdio.h(356) : see declaration of 'sprintf'
         dz5_process.c
         dz5_load.c
     1>c:\users\milos\documents\github\subtite-editor\subtitle editor\pomeranje prevoda\5 domaci\5 domaci\dz5_load.c(13): warning C4996: 'fscanf': This function or variable may be unsafe. Consider using fscanf_s instead. To disable deprecation, use _CRT_SECURE_NO_WARNINGS. See online help for details.
                 c:\program files (x86)\microsoft visual studio 12.0\vc\include\stdio.h(230) : see declaration of 'fscanf'
     1>c:\users\milos\documents\github\subtite-editor\subtitle editor\pomeranje prevoda\5 domaci\5 domaci\dz5_load.c(39): warning C4996: 'strcpy': This function or variable may be unsafe. Consider using strcpy_s instead. To disable deprecation, use _CRT_SECURE_NO_WARNINGS. See online help for details.
                 c:\program files (x86)\microsoft visual studio 12.0\vc\include\string.h(112) : see declaration of 'strcpy'
     1>c:\users\milos\documents\github\subtite-editor\subtitle editor\pomeranje prevoda\5 domaci\5 domaci\dz5_load.c(50): warning C4996: 'strcat': This function or variable may be unsafe. Consider using strcat_s instead. To disable deprecation, use _CRT_SECURE_NO_WARNINGS. See online help for details.
                 c:\program files (x86)\microsoft visual studio 12.0\vc\include\string.h(118) : see declaration of 'strcat'
     1>c:\users\milos\documents\github\subtite-editor\subtitle editor\pomeranje prevoda\5 domaci\5 domaci\dz5_load.c(6): warning C4101: 'i' : unreferenced local variable
     1>c:\users\milos\documents\github\subtite-editor\subtitle editor\pomeranje prevoda\5 domaci\5 domaci\dz5_load.c(9): warning C4101: 'kar' : unreferenced local variable
         dz5.c
     1>c:\users\milos\documents\github\subtite-editor\subtitle editor\pomeranje prevoda\5 domaci\5 domaci\dz5.c(9): warning C4996: 'fopen': This function or variable may be unsafe. Consider using fopen_s instead. To disable deprecation, use _CRT_SECURE_NO_WARNINGS. See online help for details.
                 c:\program files (x86)\microsoft visual studio 12.0\vc\include\stdio.h(211) : see declaration of 'fopen'
     1>c:\users\milos\documents\github\subtite-editor\subtitle editor\pomeranje prevoda\5 domaci\5 domaci\dz5.c(25): warning C4996: 'fopen': This function or variable may be unsafe. Consider using fopen_s instead. To disable deprecation, use _CRT_SECURE_NO_WARNINGS. See online help for details.
                 c:\program files (x86)\microsoft visual studio 12.0\vc\include\stdio.h(211) : see declaration of 'fopen'
         Generating Code...
       Link:
         C:\Program Files (x86)\Microsoft Visual Studio 12.0\VC\bin\link.exe /ERRORREPORT:PROMPT /OUT:"C:\Users\Milos\Documents\GitHub\Subtite-Editor\Subtitle Editor\Pomeranje prevoda\5 domaci\Debug\5 domaci.exe" /INCREMENTAL /NOLOGO kernel32.lib user32.lib gdi32.lib winspool.lib comdlg32.lib advapi32.lib shell32.lib ole32.lib oleaut32.lib uuid.lib odbc32.lib odbccp32.lib /MANIFEST /MANIFESTUAC:"level='asInvoker' uiAccess='false'" /manifest:embed /DEBUG /PDB:"C:\Users\Milos\Documents\GitHub\Subtite-Editor\Subtitle Editor\Pomeranje prevoda\5 domaci\Debug\5 domaci.pdb" /SUBSYSTEM:CONSOLE /TLBID:1 /DYNAMICBASE /NXCOMPAT /IMPLIB:"C:\Users\Milos\Documents\GitHub\Subtite-Editor\Subtitle Editor\Pomeranje prevoda\5 domaci\Debug\5 domaci.lib" /MACHINE:X86 Debug\dz5.obj
         Debug\dz5_load.obj
         Debug\dz5_process.obj
         Debug\dz5_save.obj
         5 domaci.vcxproj -> C:\Users\Milos\Documents\GitHub\Subtite-Editor\Subtitle Editor\Pomeranje prevoda\5 domaci\Debug\5 domaci.exe
     1>Done Building Project "C:\Users\Milos\Documents\GitHub\Subtite-Editor\Subtitle Editor\Pomeranje prevoda\5 domaci\5 domaci\5 domaci.vcxproj" (Build target(s)).

Build succeeded.

Time Elapsed 00:00:00.85
