c:\users\milos\documents\visual studio 2013\projects\5 domaci\5 domaci\debug\vc120.pdb
c:\users\milos\documents\visual studio 2013\projects\5 domaci\5 domaci\debug\vc120.idb
c:\users\milos\documents\visual studio 2013\projects\5 domaci\5 domaci\debug\dz5.obj
c:\users\milos\documents\visual studio 2013\projects\5 domaci\5 domaci\debug\dz5_init.obj
c:\users\milos\documents\visual studio 2013\projects\5 domaci\5 domaci\debug\dz5_load.obj
c:\users\milos\documents\visual studio 2013\projects\5 domaci\5 domaci\debug\dz5_process.obj
c:\users\milos\documents\visual studio 2013\projects\5 domaci\5 domaci\debug\dz5_save.obj
c:\users\milos\desktop\5 domaci\5 domaci\debug\vc120.pdb
c:\users\milos\desktop\5 domaci\5 domaci\debug\vc120.idb
c:\users\milos\desktop\5 domaci\5 domaci\debug\dz5.obj
c:\users\milos\desktop\5 domaci\5 domaci\debug\dz5_init.obj
c:\users\milos\desktop\5 domaci\5 domaci\debug\dz5_load.obj
c:\users\milos\desktop\5 domaci\5 domaci\debug\dz5_process.obj
c:\users\milos\desktop\5 domaci\5 domaci\debug\dz5_save.obj
c:\users\milos\documents\visual studio 2013\projects\5 domaci\debug\5 domaci.ilk
c:\users\milos\documents\visual studio 2013\projects\5 domaci\debug\5 domaci.exe
c:\users\milos\documents\visual studio 2013\projects\5 domaci\debug\5 domaci.pdb
c:\users\milos\desktop\5 domaci\debug\5 domaci.ilk
c:\users\milos\desktop\5 domaci\debug\5 domaci.exe
c:\users\milos\desktop\5 domaci\debug\5 domaci.pdb
c:\users\milos\desktop\5 domaci\5 domaci\debug\5 domaci.tlog\cl.command.1.tlog
c:\users\milos\desktop\5 domaci\5 domaci\debug\5 domaci.tlog\cl.read.1.tlog
c:\users\milos\desktop\5 domaci\5 domaci\debug\5 domaci.tlog\cl.write.1.tlog
c:\users\milos\desktop\5 domaci\5 domaci\debug\5 domaci.tlog\link.command.1.tlog
c:\users\milos\desktop\5 domaci\5 domaci\debug\5 domaci.tlog\link.read.1.tlog
c:\users\milos\desktop\5 domaci\5 domaci\debug\5 domaci.tlog\link.write.1.tlog
